<?xml version="1.0" encoding="UTF-8"?>
<!-- Generated by org.testng.reporters.JUnitXMLReporter -->
<testsuite ignored="0" hostname="LAPTOP-300HMF62" failures="0" tests="5" name="Default test" time="33.249" errors="0" timestamp="2025-03-06T22:28:13 IST">
  <testcase classname="testcases.TC001_LoginTest" name="verify_Login" time="3.275"/>
  <testcase classname="testcases.TC001_LoginTest" name="verify_Login" time="1.499"/>
  <testcase classname="testcases.TC001_LoginTest" name="verify_Login" time="1.416"/>
  <testcase classname="testcases.TC001_LoginTest" name="verify_Login" time="2.409"/>
  <testcase classname="testcases.TC001_LoginTest" name="verify_Login" time="1.606"/>
</testsuite> <!-- Default test -->
