<?xml version="1.0" encoding="UTF-8"?>
<!-- Generated by org.testng.reporters.JUnitXMLReporter -->
<testsuite ignored="0" hostname="LAPTOP-300HMF62" failures="0" tests="5" name="Default test" time="44.882" errors="0" timestamp="2025-03-05T22:09:06 IST">
  <testcase classname="testcases.TC001_LoginTest" name="verify_Login" time="1.907"/>
  <testcase classname="testcases.TC001_LoginTest" name="verify_Login" time="1.93"/>
  <testcase classname="testcases.TC001_LoginTest" name="verify_Login" time="2.065"/>
  <testcase classname="testcases.TC001_LoginTest" name="verify_Login" time="1.728"/>
  <testcase classname="testcases.TC001_LoginTest" name="verify_Login" time="1.212"/>
</testsuite> <!-- Default test -->
