<?xml version="1.0" encoding="UTF-8"?>
<!-- Generated by org.testng.reporters.JUnitXMLReporter -->
<testsuite ignored="0" hostname="LAPTOP-300HMF62" failures="0" tests="3" name="Test1" time="38.455" errors="0" timestamp="2025-03-10T22:14:51 IST">
  <testcase classname="testcases.TC002_AccountRegistrationTest" name="a" time="0.008"/>
  <testcase classname="testcases.TC002_AccountRegistrationTest" name="b" time="0.002"/>
  <testcase classname="testcases.TC002_AccountRegistrationTest" name="verify_account_registration" time="2.437"/>
</testsuite> <!-- Test1 -->
