<?xml version="1.0" encoding="UTF-8"?>
<!-- Generated by org.testng.reporters.JUnitXMLReporter -->
<testsuite ignored="0" hostname="LAPTOP-300HMF62" failures="0" tests="5" name="Test1" time="84.972" errors="0" timestamp="2025-03-23T17:26:51 IST">
  <testcase classname="testcases.TC001_LoginTestDDT" name="verify_Login" time="8.423"/>
  <testcase classname="testcases.TC001_LoginTestDDT" name="verify_Login" time="17.892"/>
  <testcase classname="testcases.TC001_LoginTestDDT" name="verify_Login" time="17.253"/>
  <testcase classname="testcases.TC001_LoginTestDDT" name="verify_Login" time="8.807"/>
  <testcase classname="testcases.TC001_LoginTestDDT" name="verify_Login" time="17.353"/>
</testsuite> <!-- Test1 -->
