<?xml version="1.0" encoding="UTF-8"?>
<testng-results ignored="0" total="5" passed="5" failed="0" skipped="0">
  <reporter-output>
  </reporter-output>
  <suite started-at="2025-03-06T22:27:39 IST" name="Default suite" finished-at="2025-03-06T22:28:13 IST" duration-ms="33249">
    <groups>
      <group name="dataDriven">
        <method signature="TC001_LoginTest.verify_Login(java.lang.String,java.lang.String,java.lang.String)[pri:0, instance:testcases.TC001_LoginTest@26e356f0]" name="verify_Login" class="testcases.TC001_LoginTest"/>
      </group> <!-- dataDriven -->
    </groups>
    <test started-at="2025-03-06T22:27:39 IST" name="Default test" finished-at="2025-03-06T22:28:13 IST" duration-ms="33249">
      <class name="testcases.TC001_LoginTest">
        <test-method is-config="true" signature="login()[pri:0, instance:testcases.TC001_LoginTest@26e356f0]" started-at="2025-03-06T22:27:39 IST" name="login" finished-at="2025-03-06T22:27:59 IST" duration-ms="19588" status="PASS">
          <reporter-output>
          </reporter-output>
        </test-method> <!-- login -->
        <test-method signature="verify_Login(java.lang.String,java.lang.String,java.lang.String)[pri:0, instance:testcases.TC001_LoginTest@26e356f0]" started-at="2025-03-06T22:28:02 IST" name="verify_Login" data-provider="LoginData" finished-at="2025-03-06T22:28:05 IST" duration-ms="3275" status="PASS">
          <params>
            <param index="0">
              <value>
                <![CDATA[bittu@123gmail.com]]>
              </value>
            </param>
            <param index="1">
              <value>
                <![CDATA[Bittu@123]]>
              </value>
            </param>
            <param index="2">
              <value>
                <![CDATA[valid]]>
              </value>
            </param>
          </params>
          <reporter-output>
          </reporter-output>
        </test-method> <!-- verify_Login -->
        <test-method signature="verify_Login(java.lang.String,java.lang.String,java.lang.String)[pri:0, instance:testcases.TC001_LoginTest@26e356f0]" started-at="2025-03-06T22:28:05 IST" name="verify_Login" data-provider="LoginData" finished-at="2025-03-06T22:28:07 IST" duration-ms="1499" status="PASS">
          <params>
            <param index="0">
              <value>
                <![CDATA[abc@gmail.com]]>
              </value>
            </param>
            <param index="1">
              <value>
                <![CDATA[123]]>
              </value>
            </param>
            <param index="2">
              <value>
                <![CDATA[invalid]]>
              </value>
            </param>
          </params>
          <reporter-output>
          </reporter-output>
        </test-method> <!-- verify_Login -->
        <test-method signature="verify_Login(java.lang.String,java.lang.String,java.lang.String)[pri:0, instance:testcases.TC001_LoginTest@26e356f0]" started-at="2025-03-06T22:28:07 IST" name="verify_Login" data-provider="LoginData" finished-at="2025-03-06T22:28:08 IST" duration-ms="1416" status="PASS">
          <params>
            <param index="0">
              <value>
                <![CDATA[qas@gmail.com]]>
              </value>
            </param>
            <param index="1">
              <value>
                <![CDATA[12qwe]]>
              </value>
            </param>
            <param index="2">
              <value>
                <![CDATA[invalid]]>
              </value>
            </param>
          </params>
          <reporter-output>
          </reporter-output>
        </test-method> <!-- verify_Login -->
        <test-method signature="verify_Login(java.lang.String,java.lang.String,java.lang.String)[pri:0, instance:testcases.TC001_LoginTest@26e356f0]" started-at="2025-03-06T22:28:08 IST" name="verify_Login" data-provider="LoginData" finished-at="2025-03-06T22:28:10 IST" duration-ms="2409" status="PASS">
          <params>
            <param index="0">
              <value>
                <![CDATA[bisht@123gmail.com]]>
              </value>
            </param>
            <param index="1">
              <value>
                <![CDATA[Bisht@123]]>
              </value>
            </param>
            <param index="2">
              <value>
                <![CDATA[valid]]>
              </value>
            </param>
          </params>
          <reporter-output>
          </reporter-output>
        </test-method> <!-- verify_Login -->
        <test-method signature="verify_Login(java.lang.String,java.lang.String,java.lang.String)[pri:0, instance:testcases.TC001_LoginTest@26e356f0]" started-at="2025-03-06T22:28:10 IST" name="verify_Login" data-provider="LoginData" finished-at="2025-03-06T22:28:12 IST" duration-ms="1606" status="PASS">
          <params>
            <param index="0">
              <value>
                <![CDATA[bisht@123gmail.com]]>
              </value>
            </param>
            <param index="1">
              <value>
                <![CDATA[Bisht@1234]]>
              </value>
            </param>
            <param index="2">
              <value>
                <![CDATA[invalid]]>
              </value>
            </param>
          </params>
          <reporter-output>
          </reporter-output>
        </test-method> <!-- verify_Login -->
        <test-method is-config="true" signature="tearDown()[pri:0, instance:testcases.TC001_LoginTest@26e356f0]" started-at="2025-03-06T22:28:12 IST" name="tearDown" finished-at="2025-03-06T22:28:13 IST" duration-ms="488" status="PASS">
          <reporter-output>
          </reporter-output>
        </test-method> <!-- tearDown -->
      </class> <!-- testcases.TC001_LoginTest -->
    </test> <!-- Default test -->
  </suite> <!-- Default suite -->
</testng-results>
