<?xml version="1.0" encoding="UTF-8"?>
<testng-results ignored="0" total="1" passed="1" failed="0" skipped="0">
  <reporter-output>
  </reporter-output>
  <suite started-at="2025-03-07T21:49:03 IST" name="Default suite" finished-at="2025-03-07T21:49:40 IST" duration-ms="37673">
    <groups>
    </groups>
    <test started-at="2025-03-07T21:49:03 IST" name="Default test" finished-at="2025-03-07T21:49:40 IST" duration-ms="37673">
      <class name="testcases.TC002_AccountRegistrationTest">
        <test-method is-config="true" signature="login()[pri:0, instance:testcases.TC002_AccountRegistrationTest@4b8ee4de]" started-at="2025-03-07T21:49:03 IST" name="login" finished-at="2025-03-07T21:49:37 IST" duration-ms="34261" status="PASS">
          <reporter-output>
          </reporter-output>
        </test-method> <!-- login -->
        <test-method signature="verify_account_registration()[pri:0, instance:testcases.TC002_AccountRegistrationTest@4b8ee4de]" started-at="2025-03-07T21:49:37 IST" name="verify_account_registration" finished-at="2025-03-07T21:49:40 IST" duration-ms="2920" status="PASS">
          <reporter-output>
          </reporter-output>
        </test-method> <!-- verify_account_registration -->
        <test-method is-config="true" signature="tearDown()[pri:0, instance:testcases.TC002_AccountRegistrationTest@4b8ee4de]" started-at="2025-03-07T21:49:40 IST" name="tearDown" finished-at="2025-03-07T21:49:40 IST" duration-ms="432" status="PASS">
          <reporter-output>
          </reporter-output>
        </test-method> <!-- tearDown -->
      </class> <!-- testcases.TC002_AccountRegistrationTest -->
    </test> <!-- Default test -->
  </suite> <!-- Default suite -->
</testng-results>
